Copying ../examples/file_syscall_tests into /tmp/yr_owsdDiu.dsk...
Writing command line to /tmp/UKTPqNYnIw.dsk...
qemu-system-i386 -drive file=/tmp/UKTPqNYnIw.dsk,index=0,format=raw -drive file=/tmp/8GESEeSN7L.dsk,index=1,format=raw -drive file=/tmp/yr_owsdDiu.dsk,index=2,format=raw -m 4 -net none -monitor null -nographic -device isa-debug-exit,iobase=0xf4,iosize=0x04
c[?7l[2J[0mSeaBIOS (version 1.13.0-1ubuntu1.1)
Booting from Hard Disk..Kernel command line: -f -q put file_syscall_tests run file_syscall_tests
Pintos booting with 3,968 kB RAM...
356 pages available in kernel pool.
356 pages available in user pool.
# main#1: thread_create("idle", ...) RETURNS 2
Calibrating timer... 621,568,000 loops/s.
hd0:0: detected 161 sector (80 kB) disk, model "QEMU HARDDISK", serial "QM00001"
hd0:1: detected 4,032 sector (1 MB) disk, model "QEMU HARDDISK", serial "QM00002"
hd1:0: detected 109 sector (54 kB) disk, model "QEMU HARDDISK", serial "QM00003"
Formatting file system...done.
Boot complete.
Putting 'file_syscall_tests' into the file system...
Kernel PANIC at ../../filesys/fsutil.c:114 in fsutil_put(): file_syscall_tests: create failed
backtrace  0xc0107392 0xc010bcc8 0xc01002cc 0xc0100818.
The `backtrace' program can make call stacks useful.
Read "Backtraces" in the "Debugging Tools" chapter
of the Pintos documentation for more information.
Simply copy-paste the backtrace command line above.
# Preparing to power off...
Timer: 1000 interrupts per second
Timer: 845 ticks
Thread: 493 idle ticks, 352 kernel ticks, 0 user ticks
hd0:0: 0 reads, 0 writes
hd0:1: 9 reads, 118 writes
hd1:0: 1 reads, 0 writes
Console: 1178 characters output
Keyboard: 0 keys pressed
Exception: 0 page faults
Powering off...
